==================================================================
Indianapolis Motor Speedway.xlsx
File read successfully
==================================================================
Name:          Indianapolis Motor Speedway
City:          Indianapolis
Country:       USA
Type:          Oval
Configuration: Closed
Direction:     Forward
Mirror:        Off
Date:          11/05/2022
Time:          18:35:12
==================================================================
Track generation started.
Pre-processing completed.
Fine meshing completed with mesh size: 1 [m]
Apex calculation completed.
Track rotated.
Closing fine mesh map.
Fine mesh map closed.
Fine mesh map created.
{Operation terminated by user during <a href="matlab:matlab.internal.language.introspective.errorDocCallback('scatter>matrixScatter', 'C:\Program Files\MATLAB\R2021b\toolbox\matlab\graphics\scatter.m', 188)" style="font-weight:bold">scatter>matrixScatter</a> (<a href="matlab: opentoline('C:\Program Files\MATLAB\R2021b\toolbox\matlab\graphics\scatter.m',188,0)">line 188</a>)


In <a href="matlab:matlab.internal.language.introspective.errorDocCallback('scatter', 'C:\Program Files\MATLAB\R2021b\toolbox\matlab\graphics\scatter.m', 58)" style="font-weight:bold">scatter</a> (<a href="matlab: opentoline('C:\Program Files\MATLAB\R2021b\toolbox\matlab\graphics\scatter.m',58,0)">line 58</a>)
        h = matrixScatter(varargin{:});

In <a href="matlab:matlab.internal.language.introspective.errorDocCallback('TrackInput', 'C:\Users\akole\OneDrive\Abhishek''s Documents\BE Project\Fin\LTS\TrackInput.m', 472)" style="font-weight:bold">TrackInput</a> (<a href="matlab: opentoline('C:\Users\akole\OneDrive\Abhishek''s Documents\BE Project\Fin\LTS\TrackInput.m',472,0)">line 472</a>)
scatter(x(apex),r_apex,'.')
} 
TrackInput
