==================================================================
Spa-Francorchamps.xlsx
File read successfully
==================================================================
Name:          Spa-Francorchamps
City:          Francorchamps
Country:       Belgium
Type:          Permanent
Configuration: Closed
Direction:     Forward
Mirror:        Off
Date:          02/08/2024
Time:          22:48:40
==================================================================
Track generation started.
Pre-processing completed.
Fine meshing completed with mesh size: 1 [m]
Apex calculation completed.
Track rotated.
Closing fine mesh map.
Fine mesh map closed.
Fine mesh map created.
Plots created and saved.
Track generated successfully.
LTS
